2023.03.28 11:23:52 INFO  Started: Metals version 0.11.11 in workspace 'C:\Users\agred\OneDrive\Escritorio\Vacations proyects\Sofware engineering repositoy\Notes-Scala-PlayFramework\notes-scala-playframework' for client Visual Studio Code 1.76.2.
SLF4J: No SLF4J providers were found.
SLF4J: Defaulting to no-operation (NOP) logger implementation
SLF4J: See https://www.slf4j.org/codes.html#noProviders for further details.
SLF4J: Class path contains SLF4J bindings targeting slf4j-api versions 1.7.x or earlier.
SLF4J: Ignoring binding found at [jar:file:/C:/Users/agred/AppData/Local/Coursier/cache/v1/https/repo1.maven.org/maven2/com/outr/scribe-slf4j_2.13/3.11.0/scribe-slf4j_2.13-3.11.0.jar!/org/slf4j/impl/StaticLoggerBinder.class]
SLF4J: See https://www.slf4j.org/codes.html#ignoredBindings for an explanation.
2023.03.28 11:23:52 INFO  time: initialize in 0.64s
2023.03.28 11:23:54 WARN  Build server is not auto-connectable.
2023.03.28 11:23:54 WARN  no build target for: C:\Users\agred\OneDrive\Escritorio\Vacations proyects\Sofware engineering repositoy\Notes-Scala-PlayFramework\notes-scala-playframework\build.sbt
2023.03.28 11:23:59 INFO  no build target found for C:\Users\agred\OneDrive\Escritorio\Vacations proyects\Sofware engineering repositoy\Notes-Scala-PlayFramework\notes-scala-playframework\build.sbt. Using presentation compiler with project's scala-library version: 3.2.2
2023.03.28 11:24:01 INFO  time: code lens generation in 6.12s
Exception in thread "pool-3-thread-1" java.lang.InterruptedException
	at scala.meta.internal.metals.FutureCancelToken.checkCanceled(FutureCancelToken.scala:29)
	at scala.meta.internal.pc.CompilerAccess.onCompilerJobQueue$$anonfun$1(CompilerAccess.scala:195)
	at scala.meta.internal.pc.CompilerJobQueue$Job.run(CompilerJobQueue.scala:152)
	at java.base/java.util.concurrent.ThreadPoolExecutor.runWorker(ThreadPoolExecutor.java:1128)
	at java.base/java.util.concurrent.ThreadPoolExecutor$Worker.run(ThreadPoolExecutor.java:628)
	at java.base/java.lang.Thread.run(Thread.java:834)
2023.03.28 11:27:45 WARN  no build target for: C:\Users\agred\OneDrive\Escritorio\Vacations proyects\Sofware engineering repositoy\Notes-Scala-PlayFramework\notes-scala-playframework\build.sbt
2023.03.28 11:27:45 ERROR Unexpected error initializing server: 
scala.concurrent.Future$$anon$2: Future.filter predicate is not satisfied

2023.03.28 11:28:11 WARN  no build target for: C:\Users\agred\OneDrive\Escritorio\Vacations proyects\Sofware engineering repositoy\Notes-Scala-PlayFramework\notes-scala-playframework\build.sbt
mar. 28, 2023 11:28:38 A. M. org.eclipse.lsp4j.jsonrpc.RemoteEndpoint handleCancellation
WARNING: Unmatched cancel notification for request id 297
2023.03.28 11:29:28 WARN  no build target for: C:\Users\agred\OneDrive\Escritorio\Vacations proyects\Sofware engineering repositoy\Notes-Scala-PlayFramework\notes-scala-playframework\build.sbt
2023.03.28 11:39:54 WARN  no build target for: C:\Users\agred\OneDrive\Escritorio\Vacations proyects\Sofware engineering repositoy\Notes-Scala-PlayFramework\notes-scala-playframework\build.sbt
2023.03.28 11:39:58 WARN  no build target for: C:\Users\agred\OneDrive\Escritorio\Vacations proyects\Sofware engineering repositoy\Notes-Scala-PlayFramework\notes-scala-playframework\build.sbt
2023.03.28 11:44:47 WARN  no build target for: C:\Users\agred\OneDrive\Escritorio\Vacations proyects\Sofware engineering repositoy\Notes-Scala-PlayFramework\notes-scala-playframework\app\controllers\HomeController.scala
2023.03.28 11:54:12 WARN  no build target for: C:\Users\agred\OneDrive\Escritorio\Vacations proyects\Sofware engineering repositoy\Notes-Scala-PlayFramework\notes-scala-playframework\app\Models\UserClass.scala
mar. 28, 2023 11:55:56 A. M. org.eclipse.lsp4j.jsonrpc.RemoteEndpoint handleCancellation
WARNING: Unmatched cancel notification for request id 1189
2023.03.28 12:00:10 WARN  no build target for: C:\Users\agred\OneDrive\Escritorio\Vacations proyects\Sofware engineering repositoy\Notes-Scala-PlayFramework\notes-scala-playframework\app\Models\NotesModel.scala
mar. 28, 2023 12:01:18 P. M. org.eclipse.lsp4j.jsonrpc.RemoteEndpoint handleCancellation
WARNING: Unmatched cancel notification for request id 1480
2023.03.28 12:03:27 WARN  no build target for: C:\Users\agred\OneDrive\Escritorio\Vacations proyects\Sofware engineering repositoy\Notes-Scala-PlayFramework\notes-scala-playframework\app\Models\UserClass.scala
2023.03.28 12:03:28 WARN  no build target for: C:\Users\agred\OneDrive\Escritorio\Vacations proyects\Sofware engineering repositoy\Notes-Scala-PlayFramework\notes-scala-playframework\app\Models\UserClass.scala
2023.03.28 12:08:41 WARN  no build target for: C:\Users\agred\OneDrive\Escritorio\Vacations proyects\Sofware engineering repositoy\Notes-Scala-PlayFramework\notes-scala-playframework\app\controllers\HomeController.scala
2023.03.28 12:08:56 WARN  no build target for: C:\Users\agred\OneDrive\Escritorio\Vacations proyects\Sofware engineering repositoy\Notes-Scala-PlayFramework\notes-scala-playframework\app\controllers\HomeController.scala
mar. 28, 2023 12:09:01 P. M. org.eclipse.lsp4j.jsonrpc.RemoteEndpoint handleCancellation
WARNING: Unmatched cancel notification for request id 1952
2023.03.28 12:09:03 WARN  no build target for: C:\Users\agred\OneDrive\Escritorio\Vacations proyects\Sofware engineering repositoy\Notes-Scala-PlayFramework\notes-scala-playframework\app\controllers\HomeController.scala
2023.03.28 12:09:03 WARN  no build target for: C:\Users\agred\OneDrive\Escritorio\Vacations proyects\Sofware engineering repositoy\Notes-Scala-PlayFramework\notes-scala-playframework\app\controllers\HomeController.scala
2023.03.28 12:09:04 WARN  no build target for: C:\Users\agred\OneDrive\Escritorio\Vacations proyects\Sofware engineering repositoy\Notes-Scala-PlayFramework\notes-scala-playframework\app\controllers\HomeController.scala
2023.03.28 12:09:05 WARN  no build target for: C:\Users\agred\OneDrive\Escritorio\Vacations proyects\Sofware engineering repositoy\Notes-Scala-PlayFramework\notes-scala-playframework\app\controllers\HomeController.scala
2023.03.28 12:13:58 WARN  no build target for: C:\Users\agred\OneDrive\Escritorio\Vacations proyects\Sofware engineering repositoy\Notes-Scala-PlayFramework\notes-scala-playframework\app\Models\UserClass.scala
2023.03.28 12:14:03 WARN  no build target for: C:\Users\agred\OneDrive\Escritorio\Vacations proyects\Sofware engineering repositoy\Notes-Scala-PlayFramework\notes-scala-playframework\app\Models\UserClass.scala
2023.03.28 12:14:04 WARN  no build target for: C:\Users\agred\OneDrive\Escritorio\Vacations proyects\Sofware engineering repositoy\Notes-Scala-PlayFramework\notes-scala-playframework\app\Models\UserClass.scala
2023.03.28 12:14:05 WARN  no build target for: C:\Users\agred\OneDrive\Escritorio\Vacations proyects\Sofware engineering repositoy\Notes-Scala-PlayFramework\notes-scala-playframework\app\Models\UserClass.scala
2023.03.28 12:14:24 WARN  no build target for: C:\Users\agred\OneDrive\Escritorio\Vacations proyects\Sofware engineering repositoy\Notes-Scala-PlayFramework\notes-scala-playframework\app\Models\UserClass.scala
2023.03.28 12:14:24 WARN  no build target for: C:\Users\agred\OneDrive\Escritorio\Vacations proyects\Sofware engineering repositoy\Notes-Scala-PlayFramework\notes-scala-playframework\app\Models\UserClass.scala
2023.03.28 12:14:24 WARN  no build target for: C:\Users\agred\OneDrive\Escritorio\Vacations proyects\Sofware engineering repositoy\Notes-Scala-PlayFramework\notes-scala-playframework\app\Models\UserClass.scala
2023.03.28 12:14:24 WARN  no build target for: C:\Users\agred\OneDrive\Escritorio\Vacations proyects\Sofware engineering repositoy\Notes-Scala-PlayFramework\notes-scala-playframework\app\Models\UserClass.scala
2023.03.28 12:14:32 WARN  no build target for: C:\Users\agred\OneDrive\Escritorio\Vacations proyects\Sofware engineering repositoy\Notes-Scala-PlayFramework\notes-scala-playframework\app\Models\UserClass.scala
2023.03.28 12:14:32 WARN  no build target for: C:\Users\agred\OneDrive\Escritorio\Vacations proyects\Sofware engineering repositoy\Notes-Scala-PlayFramework\notes-scala-playframework\app\Models\UserClass.scala
2023.03.28 12:21:33 WARN  no build target for: C:\Users\agred\OneDrive\Escritorio\Vacations proyects\Sofware engineering repositoy\Notes-Scala-PlayFramework\notes-scala-playframework\app\Models\UserClass.scala
2023.03.28 12:21:34 WARN  no build target for: C:\Users\agred\OneDrive\Escritorio\Vacations proyects\Sofware engineering repositoy\Notes-Scala-PlayFramework\notes-scala-playframework\app\Models\UserClass.scala
2023.03.28 12:21:34 WARN  no build target for: C:\Users\agred\OneDrive\Escritorio\Vacations proyects\Sofware engineering repositoy\Notes-Scala-PlayFramework\notes-scala-playframework\app\Models\UserClass.scala
2023.03.28 12:21:35 WARN  no build target for: C:\Users\agred\OneDrive\Escritorio\Vacations proyects\Sofware engineering repositoy\Notes-Scala-PlayFramework\notes-scala-playframework\app\Models\UserClass.scala
2023.03.28 12:21:35 WARN  no build target for: C:\Users\agred\OneDrive\Escritorio\Vacations proyects\Sofware engineering repositoy\Notes-Scala-PlayFramework\notes-scala-playframework\app\Models\UserClass.scala
2023.03.28 12:25:20 WARN  no build target for: C:\Users\agred\OneDrive\Escritorio\Vacations proyects\Sofware engineering repositoy\Notes-Scala-PlayFramework\notes-scala-playframework\app\Models\noteModel.scala
2023.03.28 12:25:56 WARN  no build target for: C:\Users\agred\OneDrive\Escritorio\Vacations proyects\Sofware engineering repositoy\Notes-Scala-PlayFramework\notes-scala-playframework\app\Models\UserModel.scala
2023.03.28 12:25:56 WARN  no build target for: C:\Users\agred\OneDrive\Escritorio\Vacations proyects\Sofware engineering repositoy\Notes-Scala-PlayFramework\notes-scala-playframework\app\Models\UserModel.scala
2023.03.28 12:26:37 WARN  no build target for: C:\Users\agred\OneDrive\Escritorio\Vacations proyects\Sofware engineering repositoy\Notes-Scala-PlayFramework\notes-scala-playframework\app\Models\UserModel.scala
2023.03.28 12:26:37 WARN  no build target for: C:\Users\agred\OneDrive\Escritorio\Vacations proyects\Sofware engineering repositoy\Notes-Scala-PlayFramework\notes-scala-playframework\app\Models\UserModel.scala
2023.03.28 12:26:38 WARN  no build target for: C:\Users\agred\OneDrive\Escritorio\Vacations proyects\Sofware engineering repositoy\Notes-Scala-PlayFramework\notes-scala-playframework\app\Models\UserModel.scala
2023.03.28 12:26:39 WARN  no build target for: C:\Users\agred\OneDrive\Escritorio\Vacations proyects\Sofware engineering repositoy\Notes-Scala-PlayFramework\notes-scala-playframework\app\Models\NoteModel.scala
2023.03.28 12:26:49 WARN  no build target for: C:\Users\agred\OneDrive\Escritorio\Vacations proyects\Sofware engineering repositoy\Notes-Scala-PlayFramework\notes-scala-playframework\app\Models\NoteModel.scala
2023.03.28 12:26:50 WARN  no build target for: C:\Users\agred\OneDrive\Escritorio\Vacations proyects\Sofware engineering repositoy\Notes-Scala-PlayFramework\notes-scala-playframework\app\Models\NoteModel.scala
2023.03.28 12:26:50 WARN  no build target for: C:\Users\agred\OneDrive\Escritorio\Vacations proyects\Sofware engineering repositoy\Notes-Scala-PlayFramework\notes-scala-playframework\app\Models\UserModel.scala
2023.03.28 12:27:11 WARN  no build target for: C:\Users\agred\OneDrive\Escritorio\Vacations proyects\Sofware engineering repositoy\Notes-Scala-PlayFramework\notes-scala-playframework\app\Models\NoteModel.scala
2023.03.28 12:27:11 WARN  no build target for: C:\Users\agred\OneDrive\Escritorio\Vacations proyects\Sofware engineering repositoy\Notes-Scala-PlayFramework\notes-scala-playframework\app\Models\NoteModel.scala
Exception in thread "pool-3-thread-2" java.lang.InterruptedException
	at scala.meta.internal.metals.FutureCancelToken.checkCanceled(FutureCancelToken.scala:29)
	at scala.meta.internal.pc.CompilerAccess.onCompilerJobQueue$$anonfun$1(CompilerAccess.scala:195)
	at scala.meta.internal.pc.CompilerJobQueue$Job.run(CompilerJobQueue.scala:152)
	at java.base/java.util.concurrent.ThreadPoolExecutor.runWorker(ThreadPoolExecutor.java:1128)
	at java.base/java.util.concurrent.ThreadPoolExecutor$Worker.run(ThreadPoolExecutor.java:628)
	at java.base/java.lang.Thread.run(Thread.java:834)
2023.03.28 12:27:11 WARN  no build target for: C:\Users\agred\OneDrive\Escritorio\Vacations proyects\Sofware engineering repositoy\Notes-Scala-PlayFramework\notes-scala-playframework\app\Models\NoteModel.scala
2023.03.28 12:27:11 WARN  no build target for: C:\Users\agred\OneDrive\Escritorio\Vacations proyects\Sofware engineering repositoy\Notes-Scala-PlayFramework\notes-scala-playframework\app\Models\NoteModel.scala
2023.03.28 12:27:12 WARN  no build target for: C:\Users\agred\OneDrive\Escritorio\Vacations proyects\Sofware engineering repositoy\Notes-Scala-PlayFramework\notes-scala-playframework\app\Models\NoteModel.scala
2023.03.28 12:27:13 WARN  no build target for: C:\Users\agred\OneDrive\Escritorio\Vacations proyects\Sofware engineering repositoy\Notes-Scala-PlayFramework\notes-scala-playframework\app\Models\NoteModel.scala
2023.03.28 12:27:13 WARN  no build target for: C:\Users\agred\OneDrive\Escritorio\Vacations proyects\Sofware engineering repositoy\Notes-Scala-PlayFramework\notes-scala-playframework\app\Models\NoteModel.scala
2023.03.28 12:27:14 WARN  no build target for: C:\Users\agred\OneDrive\Escritorio\Vacations proyects\Sofware engineering repositoy\Notes-Scala-PlayFramework\notes-scala-playframework\app\Models\NoteModel.scala
2023.03.28 12:27:14 WARN  no build target for: C:\Users\agred\OneDrive\Escritorio\Vacations proyects\Sofware engineering repositoy\Notes-Scala-PlayFramework\notes-scala-playframework\app\Models\NoteModel.scala
2023.03.28 12:27:17 WARN  no build target for: C:\Users\agred\OneDrive\Escritorio\Vacations proyects\Sofware engineering repositoy\Notes-Scala-PlayFramework\notes-scala-playframework\app\Models\NoteModel.scala
2023.03.28 12:27:18 WARN  no build target for: C:\Users\agred\OneDrive\Escritorio\Vacations proyects\Sofware engineering repositoy\Notes-Scala-PlayFramework\notes-scala-playframework\app\Models\NoteModel.scala
2023.03.28 13:12:20 INFO  Shutting down server
2023.03.28 13:12:20 INFO  shutting down Metals
2023.03.28 13:12:20 INFO  Exiting server
2023.03.28 21:26:16 INFO  Started: Metals version 0.11.11 in workspace 'C:\Users\agred\OneDrive\Escritorio\Vacations proyects\Sofware engineering repositoy\Notes-Scala-PlayFramework\notes-scala-playframework' for client Visual Studio Code 1.76.2.
SLF4J: No SLF4J providers were found.
SLF4J: Defaulting to no-operation (NOP) logger implementation
SLF4J: See https://www.slf4j.org/codes.html#noProviders for further details.
SLF4J: Class path contains SLF4J bindings targeting slf4j-api versions 1.7.x or earlier.
SLF4J: Ignoring binding found at [jar:file:/C:/Users/agred/AppData/Local/Coursier/cache/v1/https/repo1.maven.org/maven2/com/outr/scribe-slf4j_2.13/3.11.0/scribe-slf4j_2.13-3.11.0.jar!/org/slf4j/impl/StaticLoggerBinder.class]
SLF4J: See https://www.slf4j.org/codes.html#ignoredBindings for an explanation.
2023.03.28 21:26:16 INFO  time: initialize in 0.49s
2023.03.28 21:26:18 WARN  Build server is not auto-connectable.
2023.03.28 21:26:18 WARN  no build target for: C:\Users\agred\OneDrive\Escritorio\Vacations proyects\Sofware engineering repositoy\Notes-Scala-PlayFramework\notes-scala-playframework\app\Models\UserModel.scala
2023.03.28 21:26:22 INFO  no build target found for C:\Users\agred\OneDrive\Escritorio\Vacations proyects\Sofware engineering repositoy\Notes-Scala-PlayFramework\notes-scala-playframework\app\Models\UserModel.scala. Using presentation compiler with project's scala-library version: 3.2.2
2023.03.28 21:26:23 ERROR Unexpected error initializing server: 
scala.concurrent.Future$$anon$2: Future.filter predicate is not satisfied

2023.03.28 21:32:21 WARN  no build target for: C:\Users\agred\OneDrive\Escritorio\Vacations proyects\Sofware engineering repositoy\Notes-Scala-PlayFramework\notes-scala-playframework\app\Models\NoteModel.scala
2023.03.28 21:32:51 WARN  no build target for: C:\Users\agred\OneDrive\Escritorio\Vacations proyects\Sofware engineering repositoy\Notes-Scala-PlayFramework\notes-scala-playframework\app\controllers\RegisterController.scala
2023.03.28 21:32:53 WARN  no build target for: C:\Users\agred\OneDrive\Escritorio\Vacations proyects\Sofware engineering repositoy\Notes-Scala-PlayFramework\notes-scala-playframework\app\controllers\HomeController.scala
2023.03.28 23:38:19 INFO  Shutting down server
2023.03.28 23:38:19 INFO  shutting down Metals
2023.03.28 23:38:19 INFO  Exiting server
2023.03.29 00:46:11 INFO  Started: Metals version 0.11.11 in workspace 'C:\Users\agred\OneDrive\Escritorio\Vacations proyects\Sofware engineering repositoy\Notes-Scala-PlayFramework\notes-scala-playframework' for client Visual Studio Code 1.76.2.
SLF4J: No SLF4J providers were found.
SLF4J: Defaulting to no-operation (NOP) logger implementation
SLF4J: See https://www.slf4j.org/codes.html#noProviders for further details.
SLF4J: Class path contains SLF4J bindings targeting slf4j-api versions 1.7.x or earlier.
SLF4J: Ignoring binding found at [jar:file:/C:/Users/agred/AppData/Local/Coursier/cache/v1/https/repo1.maven.org/maven2/com/outr/scribe-slf4j_2.13/3.11.0/scribe-slf4j_2.13-3.11.0.jar!/org/slf4j/impl/StaticLoggerBinder.class]
SLF4J: See https://www.slf4j.org/codes.html#ignoredBindings for an explanation.
2023.03.29 00:46:12 INFO  time: initialize in 0.57s
2023.03.29 00:46:14 WARN  Build server is not auto-connectable.
2023.03.29 00:46:14 WARN  no build target for: C:\Users\agred\OneDrive\Escritorio\Vacations proyects\Sofware engineering repositoy\Notes-Scala-PlayFramework\notes-scala-playframework\app\Models\UserModel.scala
2023.03.29 00:46:14 WARN  no build target for: C:\Users\agred\OneDrive\Escritorio\Vacations proyects\Sofware engineering repositoy\Notes-Scala-PlayFramework\notes-scala-playframework\app\controllers\RegisterController.scala
2023.03.29 00:46:14 WARN  no build target for: C:\Users\agred\OneDrive\Escritorio\Vacations proyects\Sofware engineering repositoy\Notes-Scala-PlayFramework\notes-scala-playframework\app\Models\NoteModel.scala
2023.03.29 00:46:18 INFO  no build target found for C:\Users\agred\OneDrive\Escritorio\Vacations proyects\Sofware engineering repositoy\Notes-Scala-PlayFramework\notes-scala-playframework\app\Models\NoteModel.scala. Using presentation compiler with project's scala-library version: 3.2.2
2023.03.29 00:46:20 INFO  time: code lens generation in 6s
2023.03.29 01:04:59 WARN  no build target for: C:\Users\agred\OneDrive\Escritorio\Vacations proyects\Sofware engineering repositoy\Notes-Scala-PlayFramework\notes-scala-playframework\app\controllers\DatabaseController.scala
2023.03.29 01:08:44 WARN  no build target for: C:\Users\agred\OneDrive\Escritorio\Vacations proyects\Sofware engineering repositoy\Notes-Scala-PlayFramework\notes-scala-playframework\build.sbt
mar. 29, 2023 1:08:50 A. M. org.eclipse.lsp4j.jsonrpc.RemoteEndpoint handleCancellation
WARNING: Unmatched cancel notification for request id 49
2023.03.29 01:09:31 WARN  no build target for: C:\Users\agred\OneDrive\Escritorio\Vacations proyects\Sofware engineering repositoy\Notes-Scala-PlayFramework\notes-scala-playframework\app\controllers\DatabaseController.scala
2023.03.29 01:09:31 WARN  no build target for: C:\Users\agred\OneDrive\Escritorio\Vacations proyects\Sofware engineering repositoy\Notes-Scala-PlayFramework\notes-scala-playframework\app\controllers\DatabaseController.scala
2023.03.29 01:09:36 WARN  no build target for: C:\Users\agred\OneDrive\Escritorio\Vacations proyects\Sofware engineering repositoy\Notes-Scala-PlayFramework\notes-scala-playframework\app\controllers\DatabaseController.scala
2023.03.29 01:09:37 WARN  no build target for: C:\Users\agred\OneDrive\Escritorio\Vacations proyects\Sofware engineering repositoy\Notes-Scala-PlayFramework\notes-scala-playframework\app\controllers\DatabaseController.scala
mar. 29, 2023 1:14:44 A. M. org.eclipse.lsp4j.jsonrpc.RemoteEndpoint handleCancellation
WARNING: Unmatched cancel notification for request id 590
mar. 29, 2023 1:15:05 A. M. org.eclipse.lsp4j.jsonrpc.RemoteEndpoint handleCancellation
WARNING: Unmatched cancel notification for request id 656
mar. 29, 2023 1:15:12 A. M. org.eclipse.lsp4j.jsonrpc.RemoteEndpoint handleCancellation
WARNING: Unmatched cancel notification for request id 680
2023.03.29 01:16:38 WARN  no build target for: C:\Users\agred\OneDrive\Escritorio\Vacations proyects\Sofware engineering repositoy\Notes-Scala-PlayFramework\notes-scala-playframework\app\Models\UserModel.scala
2023.03.29 01:16:40 WARN  no build target for: C:\Users\agred\OneDrive\Escritorio\Vacations proyects\Sofware engineering repositoy\Notes-Scala-PlayFramework\notes-scala-playframework\app\Models\UserModel.scala
2023.03.29 01:17:13 WARN  no build target for: C:\Users\agred\OneDrive\Escritorio\Vacations proyects\Sofware engineering repositoy\Notes-Scala-PlayFramework\notes-scala-playframework\app\Models\UserModel.scala
2023.03.29 01:17:18 WARN  no build target for: C:\Users\agred\OneDrive\Escritorio\Vacations proyects\Sofware engineering repositoy\Notes-Scala-PlayFramework\notes-scala-playframework\app\Models\UserModel.scala
2023.03.29 01:17:21 WARN  no build target for: C:\Users\agred\OneDrive\Escritorio\Vacations proyects\Sofware engineering repositoy\Notes-Scala-PlayFramework\notes-scala-playframework\app\Models\UserModel.scala
2023.03.29 01:17:21 WARN  no build target for: C:\Users\agred\OneDrive\Escritorio\Vacations proyects\Sofware engineering repositoy\Notes-Scala-PlayFramework\notes-scala-playframework\app\Models\UserModel.scala
2023.03.29 01:17:22 WARN  no build target for: C:\Users\agred\OneDrive\Escritorio\Vacations proyects\Sofware engineering repositoy\Notes-Scala-PlayFramework\notes-scala-playframework\app\Models\UserModel.scala
2023.03.29 01:17:22 WARN  no build target for: C:\Users\agred\OneDrive\Escritorio\Vacations proyects\Sofware engineering repositoy\Notes-Scala-PlayFramework\notes-scala-playframework\app\Models\UserModel.scala
2023.03.29 01:17:22 WARN  no build target for: C:\Users\agred\OneDrive\Escritorio\Vacations proyects\Sofware engineering repositoy\Notes-Scala-PlayFramework\notes-scala-playframework\app\Models\UserModel.scala
2023.03.29 01:17:24 WARN  Using indexes to guess the definition of dataUsermodel
2023.03.29 01:17:24 WARN  no build target for: C:\Users\agred\OneDrive\Escritorio\Vacations proyects\Sofware engineering repositoy\Notes-Scala-PlayFramework\notes-scala-playframework\app\Models\UserModel.scala
2023.03.29 01:17:24 WARN  Using indexes to guess the definition of dataUsermodel
2023.03.29 01:17:24 WARN  no build target for: C:\Users\agred\OneDrive\Escritorio\Vacations proyects\Sofware engineering repositoy\Notes-Scala-PlayFramework\notes-scala-playframework\app\Models\UserModel.scala
2023.03.29 01:17:24 WARN  no build target for: C:\Users\agred\OneDrive\Escritorio\Vacations proyects\Sofware engineering repositoy\Notes-Scala-PlayFramework\notes-scala-playframework\app\Models\UserModel.scala
2023.03.29 01:17:44 WARN  no build target for: C:\Users\agred\OneDrive\Escritorio\Vacations proyects\Sofware engineering repositoy\Notes-Scala-PlayFramework\notes-scala-playframework\app\controllers\HomeController.scala
2023.03.29 01:19:30 WARN  no build target for: C:\Users\agred\OneDrive\Escritorio\Vacations proyects\Sofware engineering repositoy\Notes-Scala-PlayFramework\notes-scala-playframework\app\controllers\DatabaseController.scala
2023.03.29 01:19:30 WARN  no build target for: C:\Users\agred\OneDrive\Escritorio\Vacations proyects\Sofware engineering repositoy\Notes-Scala-PlayFramework\notes-scala-playframework\app\Models\NoteModel.scala
2023.03.29 01:19:32 WARN  no build target for: C:\Users\agred\OneDrive\Escritorio\Vacations proyects\Sofware engineering repositoy\Notes-Scala-PlayFramework\notes-scala-playframework\app\Models\UserModel.scala
2023.03.29 01:19:32 WARN  no build target for: C:\Users\agred\OneDrive\Escritorio\Vacations proyects\Sofware engineering repositoy\Notes-Scala-PlayFramework\notes-scala-playframework\app\Models\UserModel.scala
Exception in thread "pool-3-thread-1" java.lang.InterruptedException
	at scala.meta.internal.metals.FutureCancelToken.checkCanceled(FutureCancelToken.scala:29)
	at scala.meta.internal.pc.CompilerAccess.onCompilerJobQueue$$anonfun$1(CompilerAccess.scala:195)
	at scala.meta.internal.pc.CompilerJobQueue$Job.run(CompilerJobQueue.scala:152)
	at java.base/java.util.concurrent.ThreadPoolExecutor.runWorker(ThreadPoolExecutor.java:1128)
	at java.base/java.util.concurrent.ThreadPoolExecutor$Worker.run(ThreadPoolExecutor.java:628)
	at java.base/java.lang.Thread.run(Thread.java:834)
mar. 29, 2023 1:26:26 A. M. org.eclipse.lsp4j.jsonrpc.RemoteEndpoint handleCancellation
WARNING: Unmatched cancel notification for request id 1459
mar. 29, 2023 1:26:30 A. M. org.eclipse.lsp4j.jsonrpc.RemoteEndpoint handleCancellation
WARNING: Unmatched cancel notification for request id 1480
2023.03.29 01:26:32 WARN  no build target for: C:\Users\agred\OneDrive\Escritorio\Vacations proyects\Sofware engineering repositoy\Notes-Scala-PlayFramework\notes-scala-playframework\app\controllers\RegisterController.scala
2023.03.29 01:30:23 WARN  no build target for: C:\Users\agred\OneDrive\Escritorio\Vacations proyects\Sofware engineering repositoy\Notes-Scala-PlayFramework\notes-scala-playframework\app\controllers\RegisterController.scala
mar. 29, 2023 1:30:39 A. M. org.eclipse.lsp4j.jsonrpc.RemoteEndpoint handleCancellation
WARNING: Unmatched cancel notification for request id 1658
2023.03.29 01:31:10 WARN  no build target for: C:\Users\agred\OneDrive\Escritorio\Vacations proyects\Sofware engineering repositoy\Notes-Scala-PlayFramework\notes-scala-playframework\app\controllers\RegisterController.scala
2023.03.29 01:32:39 WARN  no build target for: C:\Users\agred\OneDrive\Escritorio\Vacations proyects\Sofware engineering repositoy\Notes-Scala-PlayFramework\notes-scala-playframework\app\controllers\RegisterController.scala
2023.03.29 01:32:41 WARN  no build target for: C:\Users\agred\OneDrive\Escritorio\Vacations proyects\Sofware engineering repositoy\Notes-Scala-PlayFramework\notes-scala-playframework\app\controllers\RegisterController.scala
2023.03.29 01:32:52 WARN  no build target for: C:\Users\agred\OneDrive\Escritorio\Vacations proyects\Sofware engineering repositoy\Notes-Scala-PlayFramework\notes-scala-playframework\app\controllers\RegisterController.scala
2023.03.29 01:35:03 WARN  no build target for: C:\Users\agred\OneDrive\Escritorio\Vacations proyects\Sofware engineering repositoy\Notes-Scala-PlayFramework\notes-scala-playframework\app\Models\UserModel.scala
2023.03.29 01:35:03 WARN  no build target for: C:\Users\agred\OneDrive\Escritorio\Vacations proyects\Sofware engineering repositoy\Notes-Scala-PlayFramework\notes-scala-playframework\app\Models\UserModel.scala
2023.03.29 01:35:04 WARN  Using indexes to guess the definition of postUrl
2023.03.29 01:35:21 WARN  no build target for: C:\Users\agred\OneDrive\Escritorio\Vacations proyects\Sofware engineering repositoy\Notes-Scala-PlayFramework\notes-scala-playframework\app\controllers\RegisterController.scala
2023.03.29 01:35:27 WARN  no build target for: C:\Users\agred\OneDrive\Escritorio\Vacations proyects\Sofware engineering repositoy\Notes-Scala-PlayFramework\notes-scala-playframework\app\Models\UserModel.scala
2023.03.29 01:35:27 WARN  no build target for: C:\Users\agred\OneDrive\Escritorio\Vacations proyects\Sofware engineering repositoy\Notes-Scala-PlayFramework\notes-scala-playframework\app\Models\UserModel.scala
2023.03.29 01:35:27 WARN  Using indexes to guess the definition of DataUsermodel
2023.03.29 01:35:28 WARN  no build target for: C:\Users\agred\OneDrive\Escritorio\Vacations proyects\Sofware engineering repositoy\Notes-Scala-PlayFramework\notes-scala-playframework\app\Models\UserModel.scala
2023.03.29 01:35:32 WARN  Using indexes to guess the definition of DataUsermodel
2023.03.29 01:35:32 WARN  Using indexes to guess the definition of DataUsermodel
2023.03.29 01:36:25 WARN  no build target for: C:\Users\agred\OneDrive\Escritorio\Vacations proyects\Sofware engineering repositoy\Notes-Scala-PlayFramework\notes-scala-playframework\app\controllers\RegisterController.scala
2023.03.29 01:36:26 WARN  no build target for: C:\Users\agred\OneDrive\Escritorio\Vacations proyects\Sofware engineering repositoy\Notes-Scala-PlayFramework\notes-scala-playframework\app\controllers\RegisterController.scala
2023.03.29 01:38:00 WARN  no build target for: C:\Users\agred\OneDrive\Escritorio\Vacations proyects\Sofware engineering repositoy\Notes-Scala-PlayFramework\notes-scala-playframework\app\controllers\RegisterController.scala
2023.03.29 01:38:01 WARN  no build target for: C:\Users\agred\OneDrive\Escritorio\Vacations proyects\Sofware engineering repositoy\Notes-Scala-PlayFramework\notes-scala-playframework\app\controllers\DatabaseController.scala
2023.03.29 01:38:33 WARN  no build target for: C:\Users\agred\OneDrive\Escritorio\Vacations proyects\Sofware engineering repositoy\Notes-Scala-PlayFramework\notes-scala-playframework\app\controllers\RegisterController.scala
2023.03.29 01:38:34 WARN  no build target for: C:\Users\agred\OneDrive\Escritorio\Vacations proyects\Sofware engineering repositoy\Notes-Scala-PlayFramework\notes-scala-playframework\app\controllers\RegisterController.scala
2023.03.29 01:38:34 WARN  no build target for: C:\Users\agred\OneDrive\Escritorio\Vacations proyects\Sofware engineering repositoy\Notes-Scala-PlayFramework\notes-scala-playframework\app\controllers\RegisterController.scala
2023.03.29 01:38:35 WARN  no build target for: C:\Users\agred\OneDrive\Escritorio\Vacations proyects\Sofware engineering repositoy\Notes-Scala-PlayFramework\notes-scala-playframework\app\controllers\RegisterController.scala
2023.03.29 01:38:35 WARN  no build target for: C:\Users\agred\OneDrive\Escritorio\Vacations proyects\Sofware engineering repositoy\Notes-Scala-PlayFramework\notes-scala-playframework\app\controllers\RegisterController.scala
2023.03.29 01:38:42 WARN  no build target for: C:\Users\agred\OneDrive\Escritorio\Vacations proyects\Sofware engineering repositoy\Notes-Scala-PlayFramework\notes-scala-playframework\app\controllers\RegisterController.scala
2023.03.29 01:39:14 WARN  no build target for: C:\Users\agred\OneDrive\Escritorio\Vacations proyects\Sofware engineering repositoy\Notes-Scala-PlayFramework\notes-scala-playframework\app\controllers\RegisterController.scala
2023.03.29 01:39:15 WARN  no build target for: C:\Users\agred\OneDrive\Escritorio\Vacations proyects\Sofware engineering repositoy\Notes-Scala-PlayFramework\notes-scala-playframework\app\controllers\RegisterController.scala
2023.03.29 01:39:46 WARN  no build target for: C:\Users\agred\OneDrive\Escritorio\Vacations proyects\Sofware engineering repositoy\Notes-Scala-PlayFramework\notes-scala-playframework\app\controllers\RegisterController.scala
2023.03.29 01:39:47 WARN  no build target for: C:\Users\agred\OneDrive\Escritorio\Vacations proyects\Sofware engineering repositoy\Notes-Scala-PlayFramework\notes-scala-playframework\app\controllers\RegisterController.scala
2023.03.29 01:39:46 WARN  no build target for: C:\Users\agred\OneDrive\Escritorio\Vacations proyects\Sofware engineering repositoy\Notes-Scala-PlayFramework\notes-scala-playframework\app\controllers\RegisterController.scala
2023.03.29 01:39:48 WARN  no build target for: C:\Users\agred\OneDrive\Escritorio\Vacations proyects\Sofware engineering repositoy\Notes-Scala-PlayFramework\notes-scala-playframework\app\controllers\RegisterController.scala
2023.03.29 01:40:09 WARN  no build target for: C:\Users\agred\OneDrive\Escritorio\Vacations proyects\Sofware engineering repositoy\Notes-Scala-PlayFramework\notes-scala-playframework\app\controllers\RegisterController.scala
2023.03.29 01:41:07 WARN  no build target for: C:\Users\agred\OneDrive\Escritorio\Vacations proyects\Sofware engineering repositoy\Notes-Scala-PlayFramework\notes-scala-playframework\app\controllers\RegisterController.scala
2023.03.29 01:41:46 WARN  no build target for: C:\Users\agred\OneDrive\Escritorio\Vacations proyects\Sofware engineering repositoy\Notes-Scala-PlayFramework\notes-scala-playframework\app\controllers\RegisterController.scala
2023.03.29 01:41:47 WARN  no build target for: C:\Users\agred\OneDrive\Escritorio\Vacations proyects\Sofware engineering repositoy\Notes-Scala-PlayFramework\notes-scala-playframework\app\controllers\RegisterController.scala
2023.03.29 01:41:51 WARN  no build target for: C:\Users\agred\OneDrive\Escritorio\Vacations proyects\Sofware engineering repositoy\Notes-Scala-PlayFramework\notes-scala-playframework\app\controllers\RegisterController.scala
2023.03.29 01:41:51 WARN  Using indexes to guess the definition of createUser
2023.03.29 01:41:54 WARN  no build target for: C:\Users\agred\OneDrive\Escritorio\Vacations proyects\Sofware engineering repositoy\Notes-Scala-PlayFramework\notes-scala-playframework\app\controllers\RegisterController.scala
mar. 29, 2023 1:42:17 A. M. org.eclipse.lsp4j.jsonrpc.RemoteEndpoint handleCancellation
WARNING: Unmatched cancel notification for request id 3164
2023.03.29 01:45:20 WARN  no build target for: C:\Users\agred\OneDrive\Escritorio\Vacations proyects\Sofware engineering repositoy\Notes-Scala-PlayFramework\notes-scala-playframework\app\Models\UserModel.scala
2023.03.29 01:45:20 WARN  no build target for: C:\Users\agred\OneDrive\Escritorio\Vacations proyects\Sofware engineering repositoy\Notes-Scala-PlayFramework\notes-scala-playframework\app\Models\UserModel.scala
mar. 29, 2023 1:47:00 A. M. org.eclipse.lsp4j.jsonrpc.RemoteEndpoint handleCancellation
WARNING: Unmatched cancel notification for request id 3230
2023.03.29 01:47:55 WARN  no build target for: C:\Users\agred\OneDrive\Escritorio\Vacations proyects\Sofware engineering repositoy\Notes-Scala-PlayFramework\notes-scala-playframework\app\controllers\RegisterController.scala
mar. 29, 2023 1:47:58 A. M. org.eclipse.lsp4j.jsonrpc.RemoteEndpoint handleCancellation
WARNING: Unmatched cancel notification for request id 3294
2023.03.29 01:48:11 WARN  no build target for: C:\Users\agred\OneDrive\Escritorio\Vacations proyects\Sofware engineering repositoy\Notes-Scala-PlayFramework\notes-scala-playframework\app\controllers\RegisterController.scala
2023.03.29 01:48:16 WARN  no build target for: C:\Users\agred\OneDrive\Escritorio\Vacations proyects\Sofware engineering repositoy\Notes-Scala-PlayFramework\notes-scala-playframework\app\controllers\RegisterController.scala
2023.03.29 01:48:28 WARN  no build target for: C:\Users\agred\OneDrive\Escritorio\Vacations proyects\Sofware engineering repositoy\Notes-Scala-PlayFramework\notes-scala-playframework\app\controllers\RegisterController.scala
2023.03.29 01:48:30 WARN  no build target for: C:\Users\agred\OneDrive\Escritorio\Vacations proyects\Sofware engineering repositoy\Notes-Scala-PlayFramework\notes-scala-playframework\app\controllers\HomeController.scala
2023.03.29 01:48:31 WARN  no build target for: C:\Users\agred\OneDrive\Escritorio\Vacations proyects\Sofware engineering repositoy\Notes-Scala-PlayFramework\notes-scala-playframework\app\Models\UserModel.scala
2023.03.29 01:48:33 WARN  no build target for: C:\Users\agred\OneDrive\Escritorio\Vacations proyects\Sofware engineering repositoy\Notes-Scala-PlayFramework\notes-scala-playframework\app\controllers\DatabaseController.scala
2023.03.29 01:52:33 WARN  no build target for: C:\Users\agred\OneDrive\Escritorio\Vacations proyects\Sofware engineering repositoy\Notes-Scala-PlayFramework\notes-scala-playframework\app\controllers\RegisterController.scala
2023.03.29 01:52:34 WARN  Using indexes to guess the definition of userModelObj
2023.03.29 01:52:35 WARN  no build target for: C:\Users\agred\OneDrive\Escritorio\Vacations proyects\Sofware engineering repositoy\Notes-Scala-PlayFramework\notes-scala-playframework\app\controllers\RegisterController.scala
2023.03.29 01:52:35 WARN  Using indexes to guess the definition of userModelObj
2023.03.29 01:52:34 WARN  Using indexes to guess the definition of DatabaseController
2023.03.29 01:52:34 WARN  no build target for: C:\Users\agred\OneDrive\Escritorio\Vacations proyects\Sofware engineering repositoy\Notes-Scala-PlayFramework\notes-scala-playframework\app\controllers\RegisterController.scala
2023.03.29 01:52:37 WARN  no build target for: C:\Users\agred\OneDrive\Escritorio\Vacations proyects\Sofware engineering repositoy\Notes-Scala-PlayFramework\notes-scala-playframework\app\controllers\RegisterController.scala
2023.03.29 01:52:37 WARN  no build target for: C:\Users\agred\OneDrive\Escritorio\Vacations proyects\Sofware engineering repositoy\Notes-Scala-PlayFramework\notes-scala-playframework\app\controllers\RegisterController.scala
2023.03.29 01:52:40 WARN  no build target for: C:\Users\agred\OneDrive\Escritorio\Vacations proyects\Sofware engineering repositoy\Notes-Scala-PlayFramework\notes-scala-playframework\app\controllers\RegisterController.scala
2023.03.29 01:52:40 WARN  no build target for: C:\Users\agred\OneDrive\Escritorio\Vacations proyects\Sofware engineering repositoy\Notes-Scala-PlayFramework\notes-scala-playframework\app\controllers\RegisterController.scala
2023.03.29 01:52:41 WARN  Using indexes to guess the definition of userModelObj
2023.03.29 01:58:18 WARN  no build target for: C:\Users\agred\OneDrive\Escritorio\Vacations proyects\Sofware engineering repositoy\Notes-Scala-PlayFramework\notes-scala-playframework\app\Models\UserModel.scala
2023.03.29 01:59:58 WARN  no build target for: C:\Users\agred\OneDrive\Escritorio\Vacations proyects\Sofware engineering repositoy\Notes-Scala-PlayFramework\notes-scala-playframework\app\controllers\RegisterController.scala
2023.03.29 01:59:59 WARN  no build target for: C:\Users\agred\OneDrive\Escritorio\Vacations proyects\Sofware engineering repositoy\Notes-Scala-PlayFramework\notes-scala-playframework\app\controllers\RegisterController.scala
2023.03.29 02:01:38 WARN  no build target for: C:\Users\agred\OneDrive\Escritorio\Vacations proyects\Sofware engineering repositoy\Notes-Scala-PlayFramework\notes-scala-playframework\app\controllers\DatabaseController.scala
2023.03.29 02:01:39 WARN  no build target for: C:\Users\agred\OneDrive\Escritorio\Vacations proyects\Sofware engineering repositoy\Notes-Scala-PlayFramework\notes-scala-playframework\app\controllers\DatabaseController.scala
2023.03.29 02:01:46 WARN  no build target for: C:\Users\agred\OneDrive\Escritorio\Vacations proyects\Sofware engineering repositoy\Notes-Scala-PlayFramework\notes-scala-playframework\app\controllers\RegisterController.scala
2023.03.29 02:01:46 WARN  no build target for: C:\Users\agred\OneDrive\Escritorio\Vacations proyects\Sofware engineering repositoy\Notes-Scala-PlayFramework\notes-scala-playframework\app\controllers\RegisterController.scala
2023.03.29 02:01:47 WARN  no build target for: C:\Users\agred\OneDrive\Escritorio\Vacations proyects\Sofware engineering repositoy\Notes-Scala-PlayFramework\notes-scala-playframework\app\controllers\RegisterController.scala
2023.03.29 02:01:47 WARN  no build target for: C:\Users\agred\OneDrive\Escritorio\Vacations proyects\Sofware engineering repositoy\Notes-Scala-PlayFramework\notes-scala-playframework\app\controllers\RegisterController.scala
2023.03.29 02:01:48 WARN  no build target for: C:\Users\agred\OneDrive\Escritorio\Vacations proyects\Sofware engineering repositoy\Notes-Scala-PlayFramework\notes-scala-playframework\app\controllers\RegisterController.scala
2023.03.29 02:01:50 WARN  no build target for: C:\Users\agred\OneDrive\Escritorio\Vacations proyects\Sofware engineering repositoy\Notes-Scala-PlayFramework\notes-scala-playframework\app\controllers\DatabaseController.scala
2023.03.29 02:02:51 WARN  no build target for: C:\Users\agred\OneDrive\Escritorio\Vacations proyects\Sofware engineering repositoy\Notes-Scala-PlayFramework\notes-scala-playframework\app\controllers\RegisterController.scala
2023.03.29 02:02:51 WARN  no build target for: C:\Users\agred\OneDrive\Escritorio\Vacations proyects\Sofware engineering repositoy\Notes-Scala-PlayFramework\notes-scala-playframework\app\controllers\RegisterController.scala
2023.03.29 02:02:52 WARN  no build target for: C:\Users\agred\OneDrive\Escritorio\Vacations proyects\Sofware engineering repositoy\Notes-Scala-PlayFramework\notes-scala-playframework\app\controllers\RegisterController.scala
2023.03.29 02:03:16 WARN  Using indexes to guess the definition of DatabaseController
2023.03.29 02:03:17 WARN  Using indexes to guess the definition of register
2023.03.29 02:05:01 WARN  no build target for: C:\Users\agred\OneDrive\Escritorio\Vacations proyects\Sofware engineering repositoy\Notes-Scala-PlayFramework\notes-scala-playframework\app\controllers\DatabaseController.scala
2023.03.29 02:05:01 WARN  no build target for: C:\Users\agred\OneDrive\Escritorio\Vacations proyects\Sofware engineering repositoy\Notes-Scala-PlayFramework\notes-scala-playframework\app\controllers\DatabaseController.scala
2023.03.29 02:05:02 WARN  no build target for: C:\Users\agred\OneDrive\Escritorio\Vacations proyects\Sofware engineering repositoy\Notes-Scala-PlayFramework\notes-scala-playframework\app\controllers\DatabaseController.scala
2023.03.29 02:05:10 WARN  no build target for: C:\Users\agred\OneDrive\Escritorio\Vacations proyects\Sofware engineering repositoy\Notes-Scala-PlayFramework\notes-scala-playframework\app\controllers\RegisterController.scala
2023.03.29 02:05:11 WARN  no build target for: C:\Users\agred\OneDrive\Escritorio\Vacations proyects\Sofware engineering repositoy\Notes-Scala-PlayFramework\notes-scala-playframework\app\controllers\RegisterController.scala
2023.03.29 02:05:11 WARN  no build target for: C:\Users\agred\OneDrive\Escritorio\Vacations proyects\Sofware engineering repositoy\Notes-Scala-PlayFramework\notes-scala-playframework\app\controllers\RegisterController.scala
2023.03.29 02:07:30 WARN  no build target for: C:\Users\agred\OneDrive\Escritorio\Vacations proyects\Sofware engineering repositoy\Notes-Scala-PlayFramework\notes-scala-playframework\app\controllers\DatabaseController.scala
2023.03.29 02:07:31 WARN  no build target for: C:\Users\agred\OneDrive\Escritorio\Vacations proyects\Sofware engineering repositoy\Notes-Scala-PlayFramework\notes-scala-playframework\app\Models\UserModel.scala
2023.03.29 02:07:36 WARN  no build target for: C:\Users\agred\OneDrive\Escritorio\Vacations proyects\Sofware engineering repositoy\Notes-Scala-PlayFramework\notes-scala-playframework\app\Models\UserModel.scala
2023.03.29 02:07:37 WARN  no build target for: C:\Users\agred\OneDrive\Escritorio\Vacations proyects\Sofware engineering repositoy\Notes-Scala-PlayFramework\notes-scala-playframework\app\controllers\HomeController.scala
2023.03.29 02:07:39 WARN  no build target for: C:\Users\agred\OneDrive\Escritorio\Vacations proyects\Sofware engineering repositoy\Notes-Scala-PlayFramework\notes-scala-playframework\app\controllers\RegisterController.scala
2023.03.29 02:07:40 WARN  no build target for: C:\Users\agred\OneDrive\Escritorio\Vacations proyects\Sofware engineering repositoy\Notes-Scala-PlayFramework\notes-scala-playframework\app\controllers\HomeController.scala
2023.03.29 02:07:41 WARN  no build target for: C:\Users\agred\OneDrive\Escritorio\Vacations proyects\Sofware engineering repositoy\Notes-Scala-PlayFramework\notes-scala-playframework\app\Models\UserModel.scala
2023.03.29 02:07:41 WARN  Using indexes to guess the definition of noteModel
2023.03.29 02:07:43 WARN  no build target for: C:\Users\agred\OneDrive\Escritorio\Vacations proyects\Sofware engineering repositoy\Notes-Scala-PlayFramework\notes-scala-playframework\app\controllers\DatabaseController.scala
2023.03.29 02:07:44 WARN  no build target for: C:\Users\agred\OneDrive\Escritorio\Vacations proyects\Sofware engineering repositoy\Notes-Scala-PlayFramework\notes-scala-playframework\app\controllers\DatabaseController.scala
2023.03.29 02:13:08 WARN  no build target for: C:\Users\agred\OneDrive\Escritorio\Vacations proyects\Sofware engineering repositoy\Notes-Scala-PlayFramework\notes-scala-playframework\app\controllers\RegisterController.scala
2023.03.29 02:13:08 WARN  no build target for: C:\Users\agred\OneDrive\Escritorio\Vacations proyects\Sofware engineering repositoy\Notes-Scala-PlayFramework\notes-scala-playframework\app\controllers\RegisterController.scala
2023.03.29 02:13:11 WARN  no build target for: C:\Users\agred\OneDrive\Escritorio\Vacations proyects\Sofware engineering repositoy\Notes-Scala-PlayFramework\notes-scala-playframework\app\controllers\RegisterController.scala
2023.03.29 02:16:38 WARN  Using indexes to guess the definition of DataBaseController
2023.03.29 02:20:02 WARN  no build target for: C:\Users\agred\OneDrive\Escritorio\Vacations proyects\Sofware engineering repositoy\Notes-Scala-PlayFramework\notes-scala-playframework\app\controllers\RegisterController.scala
2023.03.29 02:20:02 WARN  Using indexes to guess the definition of DataBaseController
2023.03.29 02:20:02 WARN  no build target for: C:\Users\agred\OneDrive\Escritorio\Vacations proyects\Sofware engineering repositoy\Notes-Scala-PlayFramework\notes-scala-playframework\app\controllers\RegisterController.scala
2023.03.29 02:24:26 WARN  Using indexes to guess the definition of apellido
2023.03.29 02:24:26 WARN  Using indexes to guess the definition of formRegister
2023.03.29 02:38:07 WARN  no build target for: C:\Users\agred\OneDrive\Escritorio\Vacations proyects\Sofware engineering repositoy\Notes-Scala-PlayFramework\notes-scala-playframework\app\Models\UserModel.scala
2023.03.29 02:38:07 WARN  no build target for: C:\Users\agred\OneDrive\Escritorio\Vacations proyects\Sofware engineering repositoy\Notes-Scala-PlayFramework\notes-scala-playframework\app\Models\UserModel.scala
2023.03.29 02:38:08 WARN  no build target for: C:\Users\agred\OneDrive\Escritorio\Vacations proyects\Sofware engineering repositoy\Notes-Scala-PlayFramework\notes-scala-playframework\app\Models\UserModel.scala
2023.03.29 02:46:28 WARN  no build target for: C:\Users\agred\OneDrive\Escritorio\Vacations proyects\Sofware engineering repositoy\Notes-Scala-PlayFramework\notes-scala-playframework\app\controllers\RegisterController.scala
2023.03.29 02:48:46 WARN  no build target for: C:\Users\agred\OneDrive\Escritorio\Vacations proyects\Sofware engineering repositoy\Notes-Scala-PlayFramework\notes-scala-playframework\app\controllers\RegisterController.scala
2023.03.29 02:48:46 WARN  no build target for: C:\Users\agred\OneDrive\Escritorio\Vacations proyects\Sofware engineering repositoy\Notes-Scala-PlayFramework\notes-scala-playframework\app\controllers\RegisterController.scala
2023.03.29 02:48:47 WARN  Using indexes to guess the definition of register
2023.03.29 02:48:47 WARN  no build target for: C:\Users\agred\OneDrive\Escritorio\Vacations proyects\Sofware engineering repositoy\Notes-Scala-PlayFramework\notes-scala-playframework\app\controllers\RegisterController.scala
2023.03.29 02:48:47 WARN  Using indexes to guess the definition of register
2023.03.29 02:55:35 WARN  no build target for: C:\Users\agred\OneDrive\Escritorio\Vacations proyects\Sofware engineering repositoy\Notes-Scala-PlayFramework\notes-scala-playframework\app\Models\UserModel.scala
2023.03.29 02:56:16 WARN  no build target for: C:\Users\agred\OneDrive\Escritorio\Vacations proyects\Sofware engineering repositoy\Notes-Scala-PlayFramework\notes-scala-playframework\app\controllers\RegisterController.scala
2023.03.29 02:56:17 WARN  no build target for: C:\Users\agred\OneDrive\Escritorio\Vacations proyects\Sofware engineering repositoy\Notes-Scala-PlayFramework\notes-scala-playframework\app\controllers\RegisterController.scala
2023.03.29 02:57:19 WARN  no build target for: C:\Users\agred\OneDrive\Escritorio\Vacations proyects\Sofware engineering repositoy\Notes-Scala-PlayFramework\notes-scala-playframework\app\controllers\RegisterController.scala
2023.03.29 02:57:19 WARN  no build target for: C:\Users\agred\OneDrive\Escritorio\Vacations proyects\Sofware engineering repositoy\Notes-Scala-PlayFramework\notes-scala-playframework\app\controllers\RegisterController.scala
2023.03.29 02:57:20 WARN  no build target for: C:\Users\agred\OneDrive\Escritorio\Vacations proyects\Sofware engineering repositoy\Notes-Scala-PlayFramework\notes-scala-playframework\app\controllers\RegisterController.scala
2023.03.29 02:57:20 WARN  no build target for: C:\Users\agred\OneDrive\Escritorio\Vacations proyects\Sofware engineering repositoy\Notes-Scala-PlayFramework\notes-scala-playframework\app\controllers\RegisterController.scala
2023.03.29 03:04:40 WARN  Using indexes to guess the definition of userModelObj
2023.03.29 03:04:49 WARN  no build target for: C:\Users\agred\OneDrive\Escritorio\Vacations proyects\Sofware engineering repositoy\Notes-Scala-PlayFramework\notes-scala-playframework\app\Models\UserModel.scala
2023.03.29 03:04:49 WARN  no build target for: C:\Users\agred\OneDrive\Escritorio\Vacations proyects\Sofware engineering repositoy\Notes-Scala-PlayFramework\notes-scala-playframework\app\Models\UserModel.scala
2023.03.29 03:04:53 WARN  no build target for: C:\Users\agred\OneDrive\Escritorio\Vacations proyects\Sofware engineering repositoy\Notes-Scala-PlayFramework\notes-scala-playframework\app\controllers\RegisterController.scala
2023.03.29 03:04:54 WARN  no build target for: C:\Users\agred\OneDrive\Escritorio\Vacations proyects\Sofware engineering repositoy\Notes-Scala-PlayFramework\notes-scala-playframework\app\controllers\RegisterController.scala
2023.03.29 03:04:55 WARN  no build target for: C:\Users\agred\OneDrive\Escritorio\Vacations proyects\Sofware engineering repositoy\Notes-Scala-PlayFramework\notes-scala-playframework\app\controllers\RegisterController.scala
2023.03.29 03:04:55 WARN  no build target for: C:\Users\agred\OneDrive\Escritorio\Vacations proyects\Sofware engineering repositoy\Notes-Scala-PlayFramework\notes-scala-playframework\app\controllers\RegisterController.scala
2023.03.29 03:08:40 WARN  no build target for: C:\Users\agred\OneDrive\Escritorio\Vacations proyects\Sofware engineering repositoy\Notes-Scala-PlayFramework\notes-scala-playframework\app\controllers\RegisterController.scala
2023.03.29 03:08:43 WARN  no build target for: C:\Users\agred\OneDrive\Escritorio\Vacations proyects\Sofware engineering repositoy\Notes-Scala-PlayFramework\notes-scala-playframework\app\controllers\RegisterController.scala
2023.03.29 03:08:54 WARN  no build target for: C:\Users\agred\OneDrive\Escritorio\Vacations proyects\Sofware engineering repositoy\Notes-Scala-PlayFramework\notes-scala-playframework\app\controllers\RegisterController.scala
2023.03.29 03:08:55 WARN  no build target for: C:\Users\agred\OneDrive\Escritorio\Vacations proyects\Sofware engineering repositoy\Notes-Scala-PlayFramework\notes-scala-playframework\app\controllers\RegisterController.scala
2023.03.29 03:08:55 WARN  no build target for: C:\Users\agred\OneDrive\Escritorio\Vacations proyects\Sofware engineering repositoy\Notes-Scala-PlayFramework\notes-scala-playframework\app\controllers\RegisterController.scala
2023.03.29 03:08:56 WARN  Using indexes to guess the definition of register
2023.03.29 03:08:56 WARN  no build target for: C:\Users\agred\OneDrive\Escritorio\Vacations proyects\Sofware engineering repositoy\Notes-Scala-PlayFramework\notes-scala-playframework\app\controllers\RegisterController.scala
2023.03.29 03:08:57 WARN  no build target for: C:\Users\agred\OneDrive\Escritorio\Vacations proyects\Sofware engineering repositoy\Notes-Scala-PlayFramework\notes-scala-playframework\app\controllers\RegisterController.scala
2023.03.29 03:12:03 WARN  no build target for: C:\Users\agred\OneDrive\Escritorio\Vacations proyects\Sofware engineering repositoy\Notes-Scala-PlayFramework\notes-scala-playframework\app\controllers\RegisterController.scala
2023.03.29 03:12:04 WARN  no build target for: C:\Users\agred\OneDrive\Escritorio\Vacations proyects\Sofware engineering repositoy\Notes-Scala-PlayFramework\notes-scala-playframework\app\controllers\RegisterController.scala
2023.03.29 03:12:04 WARN  no build target for: C:\Users\agred\OneDrive\Escritorio\Vacations proyects\Sofware engineering repositoy\Notes-Scala-PlayFramework\notes-scala-playframework\app\controllers\RegisterController.scala
2023.03.29 03:16:24 WARN  no build target for: C:\Users\agred\OneDrive\Escritorio\Vacations proyects\Sofware engineering repositoy\Notes-Scala-PlayFramework\notes-scala-playframework\app\controllers\HomeController.scala
2023.03.29 03:16:25 WARN  no build target for: C:\Users\agred\OneDrive\Escritorio\Vacations proyects\Sofware engineering repositoy\Notes-Scala-PlayFramework\notes-scala-playframework\app\controllers\HomeController.scala
2023.03.29 03:23:34 WARN  no build target for: C:\Users\agred\OneDrive\Escritorio\Vacations proyects\Sofware engineering repositoy\Notes-Scala-PlayFramework\notes-scala-playframework\app\controllers\RegisterController.scala
2023.03.29 03:23:34 WARN  Using indexes to guess the definition of register
2023.03.29 03:23:35 WARN  no build target for: C:\Users\agred\OneDrive\Escritorio\Vacations proyects\Sofware engineering repositoy\Notes-Scala-PlayFramework\notes-scala-playframework\app\controllers\RegisterController.scala
2023.03.29 03:24:08 WARN  no build target for: C:\Users\agred\OneDrive\Escritorio\Vacations proyects\Sofware engineering repositoy\Notes-Scala-PlayFramework\notes-scala-playframework\app\controllers\RegisterController.scala
2023.03.29 03:24:08 WARN  Using indexes to guess the definition of RegisterController
2023.03.29 03:24:48 WARN  no build target for: C:\Users\agred\OneDrive\Escritorio\Vacations proyects\Sofware engineering repositoy\Notes-Scala-PlayFramework\notes-scala-playframework\app\controllers\RegisterController.scala
2023.03.29 03:24:48 WARN  no build target for: C:\Users\agred\OneDrive\Escritorio\Vacations proyects\Sofware engineering repositoy\Notes-Scala-PlayFramework\notes-scala-playframework\app\controllers\RegisterController.scala
2023.03.29 03:24:49 WARN  no build target for: C:\Users\agred\OneDrive\Escritorio\Vacations proyects\Sofware engineering repositoy\Notes-Scala-PlayFramework\notes-scala-playframework\app\controllers\RegisterController.scala
2023.03.29 03:28:01 WARN  Using indexes to guess the definition of register
2023.03.29 03:28:02 WARN  no build target for: C:\Users\agred\OneDrive\Escritorio\Vacations proyects\Sofware engineering repositoy\Notes-Scala-PlayFramework\notes-scala-playframework\app\controllers\RegisterController.scala
2023.03.29 03:28:02 WARN  Using indexes to guess the definition of register
2023.03.29 03:28:02 WARN  Using indexes to guess the definition of register
2023.03.29 03:28:02 WARN  no build target for: C:\Users\agred\OneDrive\Escritorio\Vacations proyects\Sofware engineering repositoy\Notes-Scala-PlayFramework\notes-scala-playframework\app\controllers\RegisterController.scala
2023.03.29 03:28:03 WARN  no build target for: C:\Users\agred\OneDrive\Escritorio\Vacations proyects\Sofware engineering repositoy\Notes-Scala-PlayFramework\notes-scala-playframework\app\controllers\RegisterController.scala
2023.03.29 03:28:19 WARN  no build target for: C:\Users\agred\OneDrive\Escritorio\Vacations proyects\Sofware engineering repositoy\Notes-Scala-PlayFramework\notes-scala-playframework\app\controllers\RegisterController.scala
2023.03.29 03:28:20 WARN  no build target for: C:\Users\agred\OneDrive\Escritorio\Vacations proyects\Sofware engineering repositoy\Notes-Scala-PlayFramework\notes-scala-playframework\app\controllers\RegisterController.scala
2023.03.29 03:28:20 WARN  no build target for: C:\Users\agred\OneDrive\Escritorio\Vacations proyects\Sofware engineering repositoy\Notes-Scala-PlayFramework\notes-scala-playframework\app\controllers\RegisterController.scala
2023.03.29 03:31:28 WARN  no build target for: C:\Users\agred\OneDrive\Escritorio\Vacations proyects\Sofware engineering repositoy\Notes-Scala-PlayFramework\notes-scala-playframework\app\controllers\RegisterController.scala
2023.03.29 03:31:31 WARN  no build target for: C:\Users\agred\OneDrive\Escritorio\Vacations proyects\Sofware engineering repositoy\Notes-Scala-PlayFramework\notes-scala-playframework\app\controllers\RegisterController.scala
2023.03.29 03:31:31 WARN  no build target for: C:\Users\agred\OneDrive\Escritorio\Vacations proyects\Sofware engineering repositoy\Notes-Scala-PlayFramework\notes-scala-playframework\app\controllers\RegisterController.scala
2023.03.29 03:31:31 WARN  no build target for: C:\Users\agred\OneDrive\Escritorio\Vacations proyects\Sofware engineering repositoy\Notes-Scala-PlayFramework\notes-scala-playframework\app\controllers\RegisterController.scala
2023.03.29 03:31:32 WARN  no build target for: C:\Users\agred\OneDrive\Escritorio\Vacations proyects\Sofware engineering repositoy\Notes-Scala-PlayFramework\notes-scala-playframework\app\controllers\RegisterController.scala
2023.03.29 03:31:59 WARN  no build target for: C:\Users\agred\OneDrive\Escritorio\Vacations proyects\Sofware engineering repositoy\Notes-Scala-PlayFramework\notes-scala-playframework\app\controllers\RegisterController.scala
2023.03.29 03:32:00 WARN  no build target for: C:\Users\agred\OneDrive\Escritorio\Vacations proyects\Sofware engineering repositoy\Notes-Scala-PlayFramework\notes-scala-playframework\app\controllers\RegisterController.scala
2023.03.29 03:32:00 WARN  no build target for: C:\Users\agred\OneDrive\Escritorio\Vacations proyects\Sofware engineering repositoy\Notes-Scala-PlayFramework\notes-scala-playframework\app\controllers\RegisterController.scala
2023.03.29 03:32:13 WARN  no build target for: C:\Users\agred\OneDrive\Escritorio\Vacations proyects\Sofware engineering repositoy\Notes-Scala-PlayFramework\notes-scala-playframework\app\controllers\RegisterController.scala
2023.03.29 03:32:13 WARN  no build target for: C:\Users\agred\OneDrive\Escritorio\Vacations proyects\Sofware engineering repositoy\Notes-Scala-PlayFramework\notes-scala-playframework\app\controllers\RegisterController.scala
2023.03.29 03:33:24 WARN  no build target for: C:\Users\agred\OneDrive\Escritorio\Vacations proyects\Sofware engineering repositoy\Notes-Scala-PlayFramework\notes-scala-playframework\app\controllers\RegisterController.scala
2023.03.29 03:33:24 WARN  no build target for: C:\Users\agred\OneDrive\Escritorio\Vacations proyects\Sofware engineering repositoy\Notes-Scala-PlayFramework\notes-scala-playframework\app\controllers\RegisterController.scala
2023.03.29 03:33:24 WARN  no build target for: C:\Users\agred\OneDrive\Escritorio\Vacations proyects\Sofware engineering repositoy\Notes-Scala-PlayFramework\notes-scala-playframework\app\controllers\RegisterController.scala
2023.03.29 03:37:43 WARN  no build target for: C:\Users\agred\OneDrive\Escritorio\Vacations proyects\Sofware engineering repositoy\Notes-Scala-PlayFramework\notes-scala-playframework\app\controllers\RegisterController.scala
2023.03.29 03:37:43 WARN  no build target for: C:\Users\agred\OneDrive\Escritorio\Vacations proyects\Sofware engineering repositoy\Notes-Scala-PlayFramework\notes-scala-playframework\app\controllers\RegisterController.scala
2023.03.29 03:37:43 WARN  no build target for: C:\Users\agred\OneDrive\Escritorio\Vacations proyects\Sofware engineering repositoy\Notes-Scala-PlayFramework\notes-scala-playframework\app\controllers\RegisterController.scala
2023.03.29 03:37:43 WARN  no build target for: C:\Users\agred\OneDrive\Escritorio\Vacations proyects\Sofware engineering repositoy\Notes-Scala-PlayFramework\notes-scala-playframework\app\controllers\RegisterController.scala
2023.03.29 03:40:00 WARN  no build target for: C:\Users\agred\OneDrive\Escritorio\Vacations proyects\Sofware engineering repositoy\Notes-Scala-PlayFramework\notes-scala-playframework\app\controllers\DatabaseController.scala
2023.03.29 03:40:00 WARN  no build target for: C:\Users\agred\OneDrive\Escritorio\Vacations proyects\Sofware engineering repositoy\Notes-Scala-PlayFramework\notes-scala-playframework\app\controllers\DatabaseController.scala
2023.03.29 03:40:19 WARN  no build target for: C:\Users\agred\OneDrive\Escritorio\Vacations proyects\Sofware engineering repositoy\Notes-Scala-PlayFramework\notes-scala-playframework\app\controllers\DatabaseController.scala
2023.03.29 03:40:19 WARN  no build target for: C:\Users\agred\OneDrive\Escritorio\Vacations proyects\Sofware engineering repositoy\Notes-Scala-PlayFramework\notes-scala-playframework\app\controllers\DatabaseController.scala
2023.03.29 03:40:19 WARN  no build target for: C:\Users\agred\OneDrive\Escritorio\Vacations proyects\Sofware engineering repositoy\Notes-Scala-PlayFramework\notes-scala-playframework\app\controllers\DatabaseController.scala
2023.03.29 03:40:31 WARN  no build target for: C:\Users\agred\OneDrive\Escritorio\Vacations proyects\Sofware engineering repositoy\Notes-Scala-PlayFramework\notes-scala-playframework\app\controllers\DatabaseController.scala
2023.03.29 03:41:10 WARN  no build target for: C:\Users\agred\OneDrive\Escritorio\Vacations proyects\Sofware engineering repositoy\Notes-Scala-PlayFramework\notes-scala-playframework\app\controllers\DatabaseController.scala
2023.03.29 03:44:17 WARN  no build target for: C:\Users\agred\OneDrive\Escritorio\Vacations proyects\Sofware engineering repositoy\Notes-Scala-PlayFramework\notes-scala-playframework\app\controllers\RegisterController.scala
2023.03.29 03:44:18 WARN  no build target for: C:\Users\agred\OneDrive\Escritorio\Vacations proyects\Sofware engineering repositoy\Notes-Scala-PlayFramework\notes-scala-playframework\app\controllers\RegisterController.scala
2023.03.29 03:44:56 WARN  no build target for: C:\Users\agred\OneDrive\Escritorio\Vacations proyects\Sofware engineering repositoy\Notes-Scala-PlayFramework\notes-scala-playframework\app\controllers\RegisterController.scala
2023.03.29 03:44:57 WARN  no build target for: C:\Users\agred\OneDrive\Escritorio\Vacations proyects\Sofware engineering repositoy\Notes-Scala-PlayFramework\notes-scala-playframework\app\controllers\RegisterController.scala
2023.03.29 03:44:58 WARN  no build target for: C:\Users\agred\OneDrive\Escritorio\Vacations proyects\Sofware engineering repositoy\Notes-Scala-PlayFramework\notes-scala-playframework\app\controllers\RegisterController.scala
2023.03.29 03:44:58 WARN  no build target for: C:\Users\agred\OneDrive\Escritorio\Vacations proyects\Sofware engineering repositoy\Notes-Scala-PlayFramework\notes-scala-playframework\app\controllers\RegisterController.scala
2023.03.29 03:46:20 WARN  no build target for: C:\Users\agred\OneDrive\Escritorio\Vacations proyects\Sofware engineering repositoy\Notes-Scala-PlayFramework\notes-scala-playframework\app\controllers\RegisterController.scala
2023.03.29 03:46:20 WARN  no build target for: C:\Users\agred\OneDrive\Escritorio\Vacations proyects\Sofware engineering repositoy\Notes-Scala-PlayFramework\notes-scala-playframework\app\controllers\RegisterController.scala
2023.03.29 03:47:06 WARN  no build target for: C:\Users\agred\OneDrive\Escritorio\Vacations proyects\Sofware engineering repositoy\Notes-Scala-PlayFramework\notes-scala-playframework\app\controllers\RegisterController.scala
2023.03.29 03:47:07 WARN  no build target for: C:\Users\agred\OneDrive\Escritorio\Vacations proyects\Sofware engineering repositoy\Notes-Scala-PlayFramework\notes-scala-playframework\app\controllers\RegisterController.scala
2023.03.29 03:50:13 WARN  no build target for: C:\Users\agred\OneDrive\Escritorio\Vacations proyects\Sofware engineering repositoy\Notes-Scala-PlayFramework\notes-scala-playframework\app\controllers\RegisterController.scala
2023.03.29 03:50:15 WARN  no build target for: C:\Users\agred\OneDrive\Escritorio\Vacations proyects\Sofware engineering repositoy\Notes-Scala-PlayFramework\notes-scala-playframework\app\controllers\RegisterController.scala
2023.03.29 03:51:17 WARN  no build target for: C:\Users\agred\OneDrive\Escritorio\Vacations proyects\Sofware engineering repositoy\Notes-Scala-PlayFramework\notes-scala-playframework\app\controllers\RegisterController.scala
2023.03.29 03:51:17 WARN  Using indexes to guess the definition of HomeController
2023.03.29 03:51:17 WARN  Using indexes to guess the definition of formRegister
2023.03.29 03:51:17 WARN  no build target for: C:\Users\agred\OneDrive\Escritorio\Vacations proyects\Sofware engineering repositoy\Notes-Scala-PlayFramework\notes-scala-playframework\app\controllers\RegisterController.scala
2023.03.29 03:51:22 WARN  no build target for: C:\Users\agred\OneDrive\Escritorio\Vacations proyects\Sofware engineering repositoy\Notes-Scala-PlayFramework\notes-scala-playframework\app\controllers\RegisterController.scala
2023.03.29 03:51:22 WARN  no build target for: C:\Users\agred\OneDrive\Escritorio\Vacations proyects\Sofware engineering repositoy\Notes-Scala-PlayFramework\notes-scala-playframework\app\controllers\RegisterController.scala
2023.03.29 03:51:22 WARN  no build target for: C:\Users\agred\OneDrive\Escritorio\Vacations proyects\Sofware engineering repositoy\Notes-Scala-PlayFramework\notes-scala-playframework\app\controllers\RegisterController.scala
2023.03.29 03:54:22 WARN  no build target for: C:\Users\agred\OneDrive\Escritorio\Vacations proyects\Sofware engineering repositoy\Notes-Scala-PlayFramework\notes-scala-playframework\app\Models\UserModel.scala
2023.03.29 03:54:23 WARN  no build target for: C:\Users\agred\OneDrive\Escritorio\Vacations proyects\Sofware engineering repositoy\Notes-Scala-PlayFramework\notes-scala-playframework\app\Models\UserModel.scala
2023.03.29 03:56:20 WARN  no build target for: C:\Users\agred\OneDrive\Escritorio\Vacations proyects\Sofware engineering repositoy\Notes-Scala-PlayFramework\notes-scala-playframework\app\controllers\RegisterController.scala
2023.03.29 03:56:21 WARN  no build target for: C:\Users\agred\OneDrive\Escritorio\Vacations proyects\Sofware engineering repositoy\Notes-Scala-PlayFramework\notes-scala-playframework\app\controllers\RegisterController.scala
2023.03.29 03:56:37 WARN  no build target for: C:\Users\agred\OneDrive\Escritorio\Vacations proyects\Sofware engineering repositoy\Notes-Scala-PlayFramework\notes-scala-playframework\app\controllers\RegisterController.scala
2023.03.29 03:56:46 WARN  no build target for: C:\Users\agred\OneDrive\Escritorio\Vacations proyects\Sofware engineering repositoy\Notes-Scala-PlayFramework\notes-scala-playframework\app\controllers\RegisterController.scala
2023.03.29 03:56:47 WARN  no build target for: C:\Users\agred\OneDrive\Escritorio\Vacations proyects\Sofware engineering repositoy\Notes-Scala-PlayFramework\notes-scala-playframework\app\controllers\RegisterController.scala
mar. 29, 2023 3:56:47 A. M. org.eclipse.lsp4j.jsonrpc.RemoteEndpoint handleCancellation
WARNING: Unmatched cancel notification for request id 6551
2023.03.29 03:57:14 WARN  no build target for: C:\Users\agred\OneDrive\Escritorio\Vacations proyects\Sofware engineering repositoy\Notes-Scala-PlayFramework\notes-scala-playframework\app\controllers\RegisterController.scala
2023.03.29 03:58:24 WARN  no build target for: C:\Users\agred\OneDrive\Escritorio\Vacations proyects\Sofware engineering repositoy\Notes-Scala-PlayFramework\notes-scala-playframework\app\controllers\RegisterController.scala
2023.03.29 03:58:40 WARN  no build target for: C:\Users\agred\OneDrive\Escritorio\Vacations proyects\Sofware engineering repositoy\Notes-Scala-PlayFramework\notes-scala-playframework\app\controllers\RegisterController.scala
2023.03.29 03:58:41 WARN  no build target for: C:\Users\agred\OneDrive\Escritorio\Vacations proyects\Sofware engineering repositoy\Notes-Scala-PlayFramework\notes-scala-playframework\app\controllers\RegisterController.scala
2023.03.29 04:01:26 WARN  Using indexes to guess the definition of DataUsermodel
2023.03.29 04:01:29 WARN  Using indexes to guess the definition of password
2023.03.29 04:01:56 WARN  no build target for: C:\Users\agred\OneDrive\Escritorio\Vacations proyects\Sofware engineering repositoy\Notes-Scala-PlayFramework\notes-scala-playframework\app\controllers\RegisterController.scala
2023.03.29 04:01:56 WARN  Using indexes to guess the definition of formRegister
2023.03.29 04:02:49 WARN  Using indexes to guess the definition of database
2023.03.29 04:04:55 WARN  no build target for: C:\Users\agred\OneDrive\Escritorio\Vacations proyects\Sofware engineering repositoy\Notes-Scala-PlayFramework\notes-scala-playframework\app\controllers\RegisterController.scala
2023.03.29 04:05:45 WARN  no build target for: C:\Users\agred\OneDrive\Escritorio\Vacations proyects\Sofware engineering repositoy\Notes-Scala-PlayFramework\notes-scala-playframework\app\controllers\RegisterController.scala
2023.03.29 04:05:46 WARN  no build target for: C:\Users\agred\OneDrive\Escritorio\Vacations proyects\Sofware engineering repositoy\Notes-Scala-PlayFramework\notes-scala-playframework\app\controllers\RegisterController.scala
2023.03.29 04:05:49 WARN  no build target for: C:\Users\agred\OneDrive\Escritorio\Vacations proyects\Sofware engineering repositoy\Notes-Scala-PlayFramework\notes-scala-playframework\app\controllers\RegisterController.scala
2023.03.29 04:13:11 WARN  no build target for: C:\Users\agred\OneDrive\Escritorio\Vacations proyects\Sofware engineering repositoy\Notes-Scala-PlayFramework\notes-scala-playframework\app\controllers\RegisterController.scala
2023.03.29 04:13:12 WARN  no build target for: C:\Users\agred\OneDrive\Escritorio\Vacations proyects\Sofware engineering repositoy\Notes-Scala-PlayFramework\notes-scala-playframework\app\controllers\RegisterController.scala
2023.03.29 04:13:12 WARN  Using indexes to guess the definition of userName
2023.03.29 04:14:37 WARN  no build target for: C:\Users\agred\OneDrive\Escritorio\Vacations proyects\Sofware engineering repositoy\Notes-Scala-PlayFramework\notes-scala-playframework\app\controllers\RegisterController.scala
2023.03.29 04:14:38 INFO  Shutting down server
2023.03.29 04:14:38 INFO  shutting down Metals
2023.03.29 04:14:38 INFO  Exiting server
2023.03.29 07:47:54 INFO  Started: Metals version 0.11.11 in workspace 'C:\Users\agred\OneDrive\Escritorio\Vacations proyects\Sofware engineering repositoy\Notes-Scala-PlayFramework\notes-scala-playframework' for client Visual Studio Code 1.76.2.
SLF4J: No SLF4J providers were found.
SLF4J: Defaulting to no-operation (NOP) logger implementation
SLF4J: See https://www.slf4j.org/codes.html#noProviders for further details.
SLF4J: Class path contains SLF4J bindings targeting slf4j-api versions 1.7.x or earlier.
SLF4J: Ignoring binding found at [jar:file:/C:/Users/agred/AppData/Local/Coursier/cache/v1/https/repo1.maven.org/maven2/com/outr/scribe-slf4j_2.13/3.11.0/scribe-slf4j_2.13-3.11.0.jar!/org/slf4j/impl/StaticLoggerBinder.class]
SLF4J: See https://www.slf4j.org/codes.html#ignoredBindings for an explanation.
2023.03.29 07:47:54 INFO  time: initialize in 0.73s
2023.03.29 07:47:57 WARN  Build server is not auto-connectable.
2023.03.29 07:47:57 WARN  no build target for: C:\Users\agred\OneDrive\Escritorio\Vacations proyects\Sofware engineering repositoy\Notes-Scala-PlayFramework\notes-scala-playframework\app\controllers\RegisterController.scala
2023.03.29 07:48:05 INFO  no build target found for C:\Users\agred\OneDrive\Escritorio\Vacations proyects\Sofware engineering repositoy\Notes-Scala-PlayFramework\notes-scala-playframework\app\controllers\RegisterController.scala. Using presentation compiler with project's scala-library version: 3.2.2
2023.03.29 07:48:10 INFO  time: code lens generation in 13s
2023.03.29 09:09:52 WARN  no build target for: C:\Users\agred\OneDrive\Escritorio\Vacations proyects\Sofware engineering repositoy\Notes-Scala-PlayFramework\notes-scala-playframework\app\Models\AuthModel.scala
mar. 29, 2023 9:10:51 A. M. org.eclipse.lsp4j.jsonrpc.RemoteEndpoint handleCancellation
WARNING: Unmatched cancel notification for request id 172
2023.03.29 09:14:15 WARN  no build target for: C:\Users\agred\OneDrive\Escritorio\Vacations proyects\Sofware engineering repositoy\Notes-Scala-PlayFramework\notes-scala-playframework\app\Models\AuthModel.scala
2023.03.29 09:14:16 INFO  Shutting down server
2023.03.29 09:14:16 INFO  shutting down Metals
2023.03.29 09:14:16 INFO  Exiting server
