2023.03.29 17:09:44 INFO  Started: Metals version 0.11.11 in workspace 'C:\Users\agred\OneDrive\Escritorio\Vacations proyects\Sofware engineering repositoy\Notes-Scala-PlayFramework' for client Visual Studio Code 1.76.2.
SLF4J: No SLF4J providers were found.
SLF4J: Defaulting to no-operation (NOP) logger implementation
SLF4J: See https://www.slf4j.org/codes.html#noProviders for further details.
SLF4J: Class path contains SLF4J bindings targeting slf4j-api versions 1.7.x or earlier.
SLF4J: Ignoring binding found at [jar:file:/C:/Users/agred/AppData/Local/Coursier/cache/v1/https/repo1.maven.org/maven2/com/outr/scribe-slf4j_2.13/3.11.0/scribe-slf4j_2.13-3.11.0.jar!/org/slf4j/impl/StaticLoggerBinder.class]
SLF4J: See https://www.slf4j.org/codes.html#ignoredBindings for an explanation.
2023.03.29 17:09:45 INFO  time: initialize in 0.57s
2023.03.29 17:09:46 WARN  Build server is not auto-connectable.
2023.03.29 17:09:46 WARN  no build tool detected in workspace 'C:\Users\agred\OneDrive\Escritorio\Vacations proyects\Sofware engineering repositoy\Notes-Scala-PlayFramework'. The most common cause for this problem is that the editor was opened in the wrong working directory, for example if you use sbt then the workspace directory should contain build.sbt. 
2023.03.29 17:09:46 WARN  no build target for: C:\Users\agred\OneDrive\Escritorio\Vacations proyects\Sofware engineering repositoy\Notes-Scala-PlayFramework\notes-scala-playframework\app\controllers\RegisterController.scala
mar. 29, 2023 5:09:47 P. M. org.eclipse.lsp4j.jsonrpc.RemoteEndpoint handleCancellation
WARNING: Unmatched cancel notification for request id 2
2023.03.29 17:09:51 INFO  no build target found for C:\Users\agred\OneDrive\Escritorio\Vacations proyects\Sofware engineering repositoy\Notes-Scala-PlayFramework\notes-scala-playframework\app\controllers\RegisterController.scala. Using presentation compiler with project's scala-library version: 3.2.2
2023.03.29 17:09:53 INFO  time: code lens generation in 5.62s
mar. 29, 2023 5:12:32 P. M. org.eclipse.lsp4j.jsonrpc.RemoteEndpoint handleCancellation
WARNING: Unmatched cancel notification for request id 250
2023.03.29 17:14:29 WARN  no build target for: C:\Users\agred\OneDrive\Escritorio\Vacations proyects\Sofware engineering repositoy\Notes-Scala-PlayFramework\notes-scala-playframework\app\controllers\RegisterController.scala
2023.03.29 17:14:31 WARN  no build target for: C:\Users\agred\OneDrive\Escritorio\Vacations proyects\Sofware engineering repositoy\Notes-Scala-PlayFramework\notes-scala-playframework\app\controllers\RegisterController.scala
2023.03.29 17:14:50 WARN  no build target for: C:\Users\agred\OneDrive\Escritorio\Vacations proyects\Sofware engineering repositoy\Notes-Scala-PlayFramework\notes-scala-playframework\app\Models\UserModel.scala
2023.03.29 17:17:45 WARN  no build target for: C:\Users\agred\OneDrive\Escritorio\Vacations proyects\Sofware engineering repositoy\Notes-Scala-PlayFramework\notes-scala-playframework\app\controllers\DatabaseController.scala
2023.03.29 17:18:05 WARN  no build target for: C:\Users\agred\OneDrive\Escritorio\Vacations proyects\Sofware engineering repositoy\Notes-Scala-PlayFramework\notes-scala-playframework\app\controllers\RegisterController.scala
2023.03.29 17:19:08 WARN  no build target for: C:\Users\agred\OneDrive\Escritorio\Vacations proyects\Sofware engineering repositoy\Notes-Scala-PlayFramework\notes-scala-playframework\app\Models\AuthModel.scala
2023.03.29 17:20:01 WARN  no build target for: C:\Users\agred\OneDrive\Escritorio\Vacations proyects\Sofware engineering repositoy\Notes-Scala-PlayFramework\notes-scala-playframework\app\controllers\RegisterController.scala
2023.03.29 17:22:42 WARN  no build target for: C:\Users\agred\OneDrive\Escritorio\Vacations proyects\Sofware engineering repositoy\Notes-Scala-PlayFramework\notes-scala-playframework\app\controllers\RegisterController.scala
2023.03.29 17:24:12 WARN  no build target for: C:\Users\agred\OneDrive\Escritorio\Vacations proyects\Sofware engineering repositoy\Notes-Scala-PlayFramework\notes-scala-playframework\app\controllers\RegisterController.scala
